
  .   ____          _            __ _ _
 /\\ / ___'_ __ _ _(_)_ __  __ _ \ \ \ \
( ( )\___ | '_ | '_| | '_ \/ _` | \ \ \ \
 \\/  ___)| |_)| | | | | || (_| |  ) ) ) )
  '  |____| .__|_| |_|_| |_\__, | / / / /
 =========|_|==============|___/=/_/_/_/

 :: Spring Boot ::             (v3.4.0-M3)

2024-10-16T17:31:11.864+09:00  INFO 34944 --- [greeting] [           main] s.samdul.greeting.GreetingApplication    : Starting GreetingApplication v0.0.1-SNAPSHOT using Java 17.0.12 with PID 34944 (/home/hun/code/greeting/build/libs/greeting-0.0.1-SNAPSHOT.jar started by hun in /home/hun/code/greeting)
2024-10-16T17:31:11.868+09:00  INFO 34944 --- [greeting] [           main] s.samdul.greeting.GreetingApplication    : No active profile set, falling back to 1 default profile: "default"
2024-10-16T17:31:12.683+09:00  INFO 34944 --- [greeting] [           main] o.s.b.w.embedded.tomcat.TomcatWebServer  : Tomcat initialized with port 8080 (http)
2024-10-16T17:31:12.694+09:00  INFO 34944 --- [greeting] [           main] o.apache.catalina.core.StandardService   : Starting service [Tomcat]
2024-10-16T17:31:12.695+09:00  INFO 34944 --- [greeting] [           main] o.apache.catalina.core.StandardEngine    : Starting Servlet engine: [Apache Tomcat/10.1.30]
2024-10-16T17:31:12.735+09:00  INFO 34944 --- [greeting] [           main] o.a.c.c.C.[Tomcat].[localhost].[/]       : Initializing Spring embedded WebApplicationContext
2024-10-16T17:31:12.737+09:00  INFO 34944 --- [greeting] [           main] w.s.c.ServletWebServerApplicationContext : Root WebApplicationContext: initialization completed in 817 ms
2024-10-16T17:31:12.837+09:00  INFO 34944 --- [greeting] [           main] o.s.b.a.w.s.WelcomePageHandlerMapping    : Adding welcome page: class path resource [static/index.html]
2024-10-16T17:31:13.130+09:00  INFO 34944 --- [greeting] [           main] o.s.b.w.embedded.tomcat.TomcatWebServer  : Tomcat started on port 8080 (http) with context path '/'
2024-10-16T17:31:13.145+09:00  INFO 34944 --- [greeting] [           main] s.samdul.greeting.GreetingApplication    : Started GreetingApplication in 1.648 seconds (process running for 2.068)
2024-10-16T17:31:21.824+09:00  INFO 34944 --- [greeting] [nio-8080-exec-1] o.a.c.c.C.[Tomcat].[localhost].[/]       : Initializing Spring DispatcherServlet 'dispatcherServlet'
2024-10-16T17:31:21.824+09:00  INFO 34944 --- [greeting] [nio-8080-exec-1] o.s.web.servlet.DispatcherServlet        : Initializing Servlet 'dispatcherServlet'
2024-10-16T17:31:21.825+09:00  INFO 34944 --- [greeting] [nio-8080-exec-1] o.s.web.servlet.DispatcherServlet        : Completed initialization in 1 ms
참외
1
참외
1
참외
1
참외
1
